<?xml version="1.0" encoding="UTF-8"?>
<testng-results ignored="0" total="1" passed="1" failed="0" skipped="0">
  <reporter-output>
  </reporter-output>
  <suite started-at="2023-10-25T12:32:07 IST" name="Default suite" finished-at="2023-10-25T12:32:09 IST" duration-ms="2437">
    <groups>
    </groups>
    <test started-at="2023-10-25T12:32:07 IST" name="Default test" finished-at="2023-10-25T12:32:09 IST" duration-ms="2437">
      <class name="restAssuredTestScripts.ResponseCode401">
        <test-method signature="validate401ResponseCode()[pri:0, instance:restAssuredTestScripts.ResponseCode401@2ed2d9cb]" started-at="2023-10-25T12:32:07 IST" name="validate401ResponseCode" finished-at="2023-10-25T12:32:09 IST" duration-ms="2398" status="PASS">
          <reporter-output>
          </reporter-output>
        </test-method> <!-- validate401ResponseCode -->
      </class> <!-- restAssuredTestScripts.ResponseCode401 -->
    </test> <!-- Default test -->
  </suite> <!-- Default suite -->
</testng-results>
